<?xml version="1.0" encoding="UTF-8"?>
<!-- Generated by org.testng.reporters.JUnitReportReporter -->
<testsuite hostname="DESKTOP-86CSM53" failures="0" tests="1" name="Academy.validateTitle" time="0.074" errors="0" timestamp="2022-02-21T13:58:03 GMT+01:00" skipped="0">
  <testcase classname="Academy.validateTitle" name="validateAppTitle" time="0.074"/>
  <system-out/>
</testsuite> <!-- Academy.validateTitle -->
