<?xml version="1.0" encoding="UTF-8"?>
<!-- Generated by org.testng.reporters.JUnitReportReporter -->
<testsuite hostname="DESKTOP-86CSM53" failures="0" tests="2" name="Academy.HomePage" time="8.976" errors="0" timestamp="2022-02-21T13:58:03 GMT+01:00" skipped="0">
  <testcase classname="Academy.HomePage" name="basePageNavigation" time="2.760"/>
  <system-out/>
  <testcase classname="Academy.HomePage" name="basePageNavigation" time="6.216"/>
  <system-out/>
</testsuite> <!-- Academy.HomePage -->
